<?xml version="1.0" encoding="UTF-8"?>
<!-- Generated by org.testng.reporters.JUnitReportReporter -->
<testsuite hostname="tassier.local" name="org.j3d.ui.image.BaseJPEGImageObserverTest" tests="1" failures="0" timestamp="23 Dec 2013 11:46:12 GMT" time="0.139" errors="0">
  <testcase name="testBasicConstruction" time="0.139" classname="org.j3d.ui.image.BaseJPEGImageObserverTest"/>
</testsuite> <!-- org.j3d.ui.image.BaseJPEGImageObserverTest -->
