<?xml version="1.0" encoding="UTF-8"?>
<!-- Generated by org.testng.reporters.JUnitReportReporter -->
<testsuite hostname="tassier.local" name="org.j3d.geom.SpringGeneratorTest" tests="18" failures="0" timestamp="23 Dec 2013 11:46:11 GMT" time="0.014" errors="0">
  <testcase name="testValidFacets" time="0.005" classname="org.j3d.geom.SpringGeneratorTest"/>
  <testcase name="testCoordinateArray" time="0.003" classname="org.j3d.geom.SpringGeneratorTest"/>
  <testcase name="testInvalidOuterFacetsConstructor" time="0.000" classname="org.j3d.geom.SpringGeneratorTest"/>
  <testcase name="testInvalidInnerFacetsSetter" time="0.001" classname="org.j3d.geom.SpringGeneratorTest"/>
  <testcase name="testInvalidOuterFacetsSetter" time="0.000" classname="org.j3d.geom.SpringGeneratorTest"/>
  <testcase name="testInvalidInnerFacetsConstructor" time="0.000" classname="org.j3d.geom.SpringGeneratorTest"/>
  <testcase name="testInvalidInnerFacetsConstructor" time="0.000" classname="org.j3d.geom.SpringGeneratorTest"/>
  <testcase name="testInvalidOuterFacetsConstructor" time="0.000" classname="org.j3d.geom.SpringGeneratorTest"/>
  <testcase name="testInvalidOuterFacetsSetter" time="0.000" classname="org.j3d.geom.SpringGeneratorTest"/>
  <testcase name="testCreate" time="0.002" classname="org.j3d.geom.SpringGeneratorTest"/>
  <testcase name="testInvalidInnerFacetsSetter" time="0.000" classname="org.j3d.geom.SpringGeneratorTest"/>
  <testcase name="testInvalidInnerFacetsConstructor" time="0.001" classname="org.j3d.geom.SpringGeneratorTest"/>
  <testcase name="testInvalidOuterFacetsConstructor" time="0.000" classname="org.j3d.geom.SpringGeneratorTest"/>
  <testcase name="testInvalidOuterFacetsSetter" time="0.001" classname="org.j3d.geom.SpringGeneratorTest"/>
  <testcase name="testNormalArray" time="0.001" classname="org.j3d.geom.SpringGeneratorTest"/>
  <testcase name="testInvalidInnerFacetsConstructor" time="0.000" classname="org.j3d.geom.SpringGeneratorTest"/>
  <testcase name="testInvalidInnerFacetsSetter" time="0.000" classname="org.j3d.geom.SpringGeneratorTest"/>
  <testcase name="testInvalidInnerFacetsSetter" time="0.000" classname="org.j3d.geom.SpringGeneratorTest"/>
</testsuite> <!-- org.j3d.geom.SpringGeneratorTest -->
