<?xml version="1.0" encoding="UTF-8"?>
<!-- Generated by org.testng.reporters.JUnitReportReporter -->
<testsuite hostname="tassier.local" name="org.j3d.geom.ConeGeneratorTest" tests="10" failures="0" timestamp="23 Dec 2013 11:46:11 GMT" time="0.006" errors="0">
  <testcase name="testInvalidFacetsSetter" time="0.000" classname="org.j3d.geom.ConeGeneratorTest"/>
  <testcase name="testInvalidFacetsSetter" time="0.000" classname="org.j3d.geom.ConeGeneratorTest"/>
  <testcase name="testInvalidFacetsConstructor" time="0.000" classname="org.j3d.geom.ConeGeneratorTest"/>
  <testcase name="testCoordinateArray" time="0.003" classname="org.j3d.geom.ConeGeneratorTest"/>
  <testcase name="testInvalidFacetsSetter" time="0.001" classname="org.j3d.geom.ConeGeneratorTest"/>
  <testcase name="testNormalArray" time="0.001" classname="org.j3d.geom.ConeGeneratorTest"/>
  <testcase name="testInvalidFacetsConstructor" time="0.000" classname="org.j3d.geom.ConeGeneratorTest"/>
  <testcase name="testInvalidFacetsConstructor" time="0.001" classname="org.j3d.geom.ConeGeneratorTest"/>
  <testcase name="testCreate" time="0.000" classname="org.j3d.geom.ConeGeneratorTest"/>
  <testcase name="testValidFacets" time="0.000" classname="org.j3d.geom.ConeGeneratorTest"/>
</testsuite> <!-- org.j3d.geom.ConeGeneratorTest -->
