<?xml version="1.0" encoding="UTF-8"?>
<!-- Generated by org.testng.reporters.JUnitReportReporter -->
<testsuite hostname="tassier.local" name="org.j3d.geom.BoxGeneratorTest" tests="3" failures="0" timestamp="23 Dec 2013 11:46:11 GMT" time="0.014" errors="0">
  <testcase name="testNormalArray" time="0.000" classname="org.j3d.geom.BoxGeneratorTest"/>
  <testcase name="testCoordinateArray" time="0.014" classname="org.j3d.geom.BoxGeneratorTest"/>
  <testcase name="testCreate" time="0.000" classname="org.j3d.geom.BoxGeneratorTest"/>
</testsuite> <!-- org.j3d.geom.BoxGeneratorTest -->
