<?xml version="1.0" encoding="UTF-8"?>
<!-- Generated by org.testng.reporters.JUnitReportReporter -->
<testsuite hostname="tassier.local" name="org.j3d.maths.vector.Vector4dTest" tests="15" failures="0" timestamp="23 Dec 2013 11:46:10 GMT" time="0.000" errors="0">
  <testcase name="testEquals" time="0.000" classname="org.j3d.maths.vector.Vector4dTest"/>
  <testcase name="testDot" time="0.000" classname="org.j3d.maths.vector.Vector4dTest"/>
  <testcase name="testDot" time="0.000" classname="org.j3d.maths.vector.Vector4dTest"/>
  <testcase name="testDot" time="0.000" classname="org.j3d.maths.vector.Vector4dTest"/>
  <testcase name="testEquals" time="0.000" classname="org.j3d.maths.vector.Vector4dTest"/>
  <testcase name="testNormalise" time="0.000" classname="org.j3d.maths.vector.Vector4dTest"/>
  <testcase name="testEquals" time="0.000" classname="org.j3d.maths.vector.Vector4dTest"/>
  <testcase name="testSet" time="0.000" classname="org.j3d.maths.vector.Vector4dTest"/>
  <testcase name="testEquals" time="0.000" classname="org.j3d.maths.vector.Vector4dTest"/>
  <testcase name="testEquals" time="0.000" classname="org.j3d.maths.vector.Vector4dTest"/>
  <testcase name="testNotEqualsToOther" time="0.000" classname="org.j3d.maths.vector.Vector4dTest"/>
  <testcase name="testNormaliseZeroLength" time="0.000" classname="org.j3d.maths.vector.Vector4dTest"/>
  <testcase name="testHashCode" time="0.000" classname="org.j3d.maths.vector.Vector4dTest"/>
  <testcase name="testBasicConstruction" time="0.000" classname="org.j3d.maths.vector.Vector4dTest"/>
  <testcase name="testDotNull" time="0.000" classname="org.j3d.maths.vector.Vector4dTest"/>
</testsuite> <!-- org.j3d.maths.vector.Vector4dTest -->
