<?xml version="1.0" encoding="UTF-8"?>
<!-- Generated by org.testng.reporters.JUnitReportReporter -->
<testsuite hostname="tassier.local" name="org.j3d.maths.vector.Matrix4dTest" tests="42" failures="0" timestamp="23 Dec 2013 11:46:10 GMT" time="0.012" errors="0">
  <testcase name="testMulMatrix1Null" time="0.000" classname="org.j3d.maths.vector.Matrix4dTest"/>
  <testcase name="testTransformVectorDirection" time="0.000" classname="org.j3d.maths.vector.Matrix4dTest"/>
  <testcase name="testMulIdentity" time="0.000" classname="org.j3d.maths.vector.Matrix4dTest"/>
  <testcase name="testTransformVectorV2Null" time="0.000" classname="org.j3d.maths.vector.Matrix4dTest"/>
  <testcase name="testClear" time="0.000" classname="org.j3d.maths.vector.Matrix4dTest"/>
  <testcase name="testEquals" time="0.000" classname="org.j3d.maths.vector.Matrix4dTest"/>
  <testcase name="testSetAxisAngleWithNull" time="0.001" classname="org.j3d.maths.vector.Matrix4dTest"/>
  <testcase name="testSetVector3WithNull" time="0.000" classname="org.j3d.maths.vector.Matrix4dTest"/>
  <testcase name="testSetIdentity" time="0.000" classname="org.j3d.maths.vector.Matrix4dTest"/>
  <testcase name="testSetMatrixWithNull" time="0.001" classname="org.j3d.maths.vector.Matrix4dTest"/>
  <testcase name="testSetVector3" time="0.000" classname="org.j3d.maths.vector.Matrix4dTest"/>
  <testcase name="testHashCode" time="0.000" classname="org.j3d.maths.vector.Matrix4dTest"/>
  <testcase name="testSetAxisAngleZeroLength" time="0.001" classname="org.j3d.maths.vector.Matrix4dTest"/>
  <testcase name="testMulWithSelf" time="0.001" classname="org.j3d.maths.vector.Matrix4dTest"/>
  <testcase name="testEmptyMatrixDeterminant" time="0.000" classname="org.j3d.maths.vector.Matrix4dTest"/>
  <testcase name="testSetScale" time="0.000" classname="org.j3d.maths.vector.Matrix4dTest"/>
  <testcase name="testTransformVectorNormal" time="0.000" classname="org.j3d.maths.vector.Matrix4dTest"/>
  <testcase name="testTransposeNull" time="0.000" classname="org.j3d.maths.vector.Matrix4dTest"/>
  <testcase name="testMatrixDeterminant" time="0.000" classname="org.j3d.maths.vector.Matrix4dTest"/>
  <testcase name="testNotEqualsToOther" time="0.000" classname="org.j3d.maths.vector.Matrix4dTest"/>
  <testcase name="testEquals" time="0.000" classname="org.j3d.maths.vector.Matrix4dTest"/>
  <testcase name="testSet" time="0.000" classname="org.j3d.maths.vector.Matrix4dTest"/>
  <testcase name="testMul" time="0.000" classname="org.j3d.maths.vector.Matrix4dTest"/>
  <testcase name="testTransformPoint4V1Null" time="0.000" classname="org.j3d.maths.vector.Matrix4dTest"/>
  <testcase name="testTransposeSelf" time="0.000" classname="org.j3d.maths.vector.Matrix4dTest"/>
  <testcase name="testTransformPoint4IdentityMatrix" time="0.000" classname="org.j3d.maths.vector.Matrix4dTest"/>
  <testcase name="testSetVector4" time="0.001" classname="org.j3d.maths.vector.Matrix4dTest"/>
  <testcase name="testTransformVectorV1Null" time="0.000" classname="org.j3d.maths.vector.Matrix4dTest"/>
  <testcase name="testTranspose" time="0.000" classname="org.j3d.maths.vector.Matrix4dTest"/>
  <testcase name="testBasicConstruction" time="0.001" classname="org.j3d.maths.vector.Matrix4dTest"/>
  <testcase name="testTransformPoint3V1Null" time="0.004" classname="org.j3d.maths.vector.Matrix4dTest"/>
  <testcase name="testEquals" time="0.000" classname="org.j3d.maths.vector.Matrix4dTest"/>
  <testcase name="testTransformVector3IdentityMatrix" time="0.000" classname="org.j3d.maths.vector.Matrix4dTest"/>
  <testcase name="testTransformPoint3V2Null" time="0.001" classname="org.j3d.maths.vector.Matrix4dTest"/>
  <testcase name="testEquals" time="0.000" classname="org.j3d.maths.vector.Matrix4dTest"/>
  <testcase name="testIdentityMatrixDeterminant" time="0.000" classname="org.j3d.maths.vector.Matrix4dTest"/>
  <testcase name="testSetVector4WithNull" time="0.000" classname="org.j3d.maths.vector.Matrix4dTest"/>
  <testcase name="testTransformPoint3IdentityMatrix" time="0.000" classname="org.j3d.maths.vector.Matrix4dTest"/>
  <testcase name="testEquals" time="0.000" classname="org.j3d.maths.vector.Matrix4dTest"/>
  <testcase name="testTransformPoint4V2Null" time="0.001" classname="org.j3d.maths.vector.Matrix4dTest"/>
  <testcase name="testMulMatrix2Null" time="0.000" classname="org.j3d.maths.vector.Matrix4dTest"/>
  <testcase name="testTransformVectorIdentityMatrix" time="0.000" classname="org.j3d.maths.vector.Matrix4dTest"/>
</testsuite> <!-- org.j3d.maths.vector.Matrix4dTest -->
