<?xml version="1.0" encoding="UTF-8"?>
<!-- Generated by org.testng.reporters.JUnitReportReporter -->
<testsuite hostname="tassier.local" name="org.j3d.util.MatrixUtilsTest" tests="4" failures="0" timestamp="23 Dec 2013 11:46:10 GMT" time="0.001" errors="0">
  <testcase name="testInverse" time="0.000" classname="org.j3d.util.MatrixUtilsTest"/>
  <testcase name="testSVDDecomposition" time="0.001" classname="org.j3d.util.MatrixUtilsTest"/>
  <testcase name="testUniformScaleIdentityMatrix" time="0.000" classname="org.j3d.util.MatrixUtilsTest"/>
  <testcase name="testGetUniformScale" time="0.000" classname="org.j3d.util.MatrixUtilsTest"/>
</testsuite> <!-- org.j3d.util.MatrixUtilsTest -->
