<?xml version="1.0" encoding="UTF-8"?>
<!-- Generated by org.testng.reporters.JUnitReportReporter -->
<testsuite hostname="tassier.local" name="org.j3d.maths.vector.Point2dTest" tests="10" failures="0" timestamp="23 Dec 2013 11:46:10 GMT" time="0.001" errors="0">
  <testcase name="testEquals" time="0.000" classname="org.j3d.maths.vector.Point2dTest"/>
  <testcase name="testHashCode" time="0.000" classname="org.j3d.maths.vector.Point2dTest"/>
  <testcase name="testEquals" time="0.000" classname="org.j3d.maths.vector.Point2dTest"/>
  <testcase name="testNotEqualsToOther" time="0.000" classname="org.j3d.maths.vector.Point2dTest"/>
  <testcase name="testDistance" time="0.001" classname="org.j3d.maths.vector.Point2dTest"/>
  <testcase name="testBasicConstruction" time="0.000" classname="org.j3d.maths.vector.Point2dTest"/>
  <testcase name="testEquals" time="0.000" classname="org.j3d.maths.vector.Point2dTest"/>
  <testcase name="testEquals" time="0.000" classname="org.j3d.maths.vector.Point2dTest"/>
  <testcase name="testSet" time="0.000" classname="org.j3d.maths.vector.Point2dTest"/>
  <testcase name="testEquals" time="0.000" classname="org.j3d.maths.vector.Point2dTest"/>
</testsuite> <!-- org.j3d.maths.vector.Point2dTest -->
