<?xml version="1.0" encoding="UTF-8"?>
<!-- Generated by org.testng.reporters.JUnitReportReporter -->
<testsuite hostname="tassier.local" name="org.j3d.maths.vector.SingularValueDecompositionTest" tests="6" failures="0" timestamp="23 Dec 2013 11:46:10 GMT" time="0.003" errors="0">
  <testcase name="testRotationOnlyDecomposition" time="0.000" classname="org.j3d.maths.vector.SingularValueDecompositionTest"/>
  <testcase name="testScaleOnlyDecomposition" time="0.000" classname="org.j3d.maths.vector.SingularValueDecompositionTest"/>
  <testcase name="testScaleRotateDecomposition" time="0.001" classname="org.j3d.maths.vector.SingularValueDecompositionTest"/>
  <testcase name="testBasicConstruction" time="0.001" classname="org.j3d.maths.vector.SingularValueDecompositionTest"/>
  <testcase name="testIdentityDecomposition" time="0.000" classname="org.j3d.maths.vector.SingularValueDecompositionTest"/>
  <testcase name="testGenerateFlags" time="0.001" classname="org.j3d.maths.vector.SingularValueDecompositionTest"/>
</testsuite> <!-- org.j3d.maths.vector.SingularValueDecompositionTest -->
