<?xml version="1.0" encoding="UTF-8"?>
<!-- Generated by org.testng.reporters.JUnitReportReporter -->
<testsuite hostname="tassier.local" name="org.j3d.maths.vector.Vector3dTest" tests="78" failures="0" timestamp="23 Dec 2013 11:46:10 GMT" time="0.009" errors="0">
  <testcase name="testSubVector" time="0.000" classname="org.j3d.maths.vector.Vector3dTest"/>
  <testcase name="testSubVector" time="0.001" classname="org.j3d.maths.vector.Vector3dTest"/>
  <testcase name="testAddVectorWithSelf" time="0.001" classname="org.j3d.maths.vector.Vector3dTest"/>
  <testcase name="testSubVector" time="0.000" classname="org.j3d.maths.vector.Vector3dTest"/>
  <testcase name="testSubPoint" time="0.000" classname="org.j3d.maths.vector.Vector3dTest"/>
  <testcase name="testAddPoint" time="0.000" classname="org.j3d.maths.vector.Vector3dTest"/>
  <testcase name="testAddVector" time="0.000" classname="org.j3d.maths.vector.Vector3dTest"/>
  <testcase name="testAddVectorWithSelf" time="0.000" classname="org.j3d.maths.vector.Vector3dTest"/>
  <testcase name="testSet" time="0.000" classname="org.j3d.maths.vector.Vector3dTest"/>
  <testcase name="testSubPoint" time="0.000" classname="org.j3d.maths.vector.Vector3dTest"/>
  <testcase name="testAddVector" time="0.000" classname="org.j3d.maths.vector.Vector3dTest"/>
  <testcase name="testEquals" time="0.000" classname="org.j3d.maths.vector.Vector3dTest"/>
  <testcase name="testAddVectorWithSelf" time="0.000" classname="org.j3d.maths.vector.Vector3dTest"/>
  <testcase name="testAddVectorV1Null" time="0.000" classname="org.j3d.maths.vector.Vector3dTest"/>
  <testcase name="testAddPoint" time="0.000" classname="org.j3d.maths.vector.Vector3dTest"/>
  <testcase name="testSubPoint" time="0.000" classname="org.j3d.maths.vector.Vector3dTest"/>
  <testcase name="testAddPoint" time="0.000" classname="org.j3d.maths.vector.Vector3dTest"/>
  <testcase name="testDot" time="0.000" classname="org.j3d.maths.vector.Vector3dTest"/>
  <testcase name="testDot" time="0.000" classname="org.j3d.maths.vector.Vector3dTest"/>
  <testcase name="testDotNull" time="0.000" classname="org.j3d.maths.vector.Vector3dTest"/>
  <testcase name="testAddPoint" time="0.000" classname="org.j3d.maths.vector.Vector3dTest"/>
  <testcase name="testSubVector" time="0.000" classname="org.j3d.maths.vector.Vector3dTest"/>
  <testcase name="testCrossProduct" time="0.000" classname="org.j3d.maths.vector.Vector3dTest"/>
  <testcase name="testSubPointV2Null" time="0.000" classname="org.j3d.maths.vector.Vector3dTest"/>
  <testcase name="testCrossProduct" time="0.000" classname="org.j3d.maths.vector.Vector3dTest"/>
  <testcase name="testCrossProduct" time="0.000" classname="org.j3d.maths.vector.Vector3dTest"/>
  <testcase name="testHashCode" time="0.000" classname="org.j3d.maths.vector.Vector3dTest"/>
  <testcase name="testAddPoint" time="0.000" classname="org.j3d.maths.vector.Vector3dTest"/>
  <testcase name="testAddVector" time="0.000" classname="org.j3d.maths.vector.Vector3dTest"/>
  <testcase name="testSubPoint" time="0.000" classname="org.j3d.maths.vector.Vector3dTest"/>
  <testcase name="testSubVector" time="0.001" classname="org.j3d.maths.vector.Vector3dTest"/>
  <testcase name="testAddVector" time="0.001" classname="org.j3d.maths.vector.Vector3dTest"/>
  <testcase name="testSubVectorV1Null" time="0.001" classname="org.j3d.maths.vector.Vector3dTest"/>
  <testcase name="testAddVectorWithSelf" time="0.000" classname="org.j3d.maths.vector.Vector3dTest"/>
  <testcase name="testAddVector" time="0.000" classname="org.j3d.maths.vector.Vector3dTest"/>
  <testcase name="testAddVectorV2Null" time="0.000" classname="org.j3d.maths.vector.Vector3dTest"/>
  <testcase name="testSubVector" time="0.000" classname="org.j3d.maths.vector.Vector3dTest"/>
  <testcase name="testAddPointV1Null" time="0.000" classname="org.j3d.maths.vector.Vector3dTest"/>
  <testcase name="testSubVector" time="0.000" classname="org.j3d.maths.vector.Vector3dTest"/>
  <testcase name="testCrossV1Null" time="0.000" classname="org.j3d.maths.vector.Vector3dTest"/>
  <testcase name="testSubVectorV2Null" time="0.001" classname="org.j3d.maths.vector.Vector3dTest"/>
  <testcase name="testAddVector" time="0.000" classname="org.j3d.maths.vector.Vector3dTest"/>
  <testcase name="testCrossProduct" time="0.001" classname="org.j3d.maths.vector.Vector3dTest"/>
  <testcase name="testAddPointV2Null" time="0.000" classname="org.j3d.maths.vector.Vector3dTest"/>
  <testcase name="testCrossProduct" time="0.000" classname="org.j3d.maths.vector.Vector3dTest"/>
  <testcase name="testScale" time="0.000" classname="org.j3d.maths.vector.Vector3dTest"/>
  <testcase name="testAddVectorWithSelf" time="0.000" classname="org.j3d.maths.vector.Vector3dTest"/>
  <testcase name="testEquals" time="0.000" classname="org.j3d.maths.vector.Vector3dTest"/>
  <testcase name="testSubPointV1Null" time="0.000" classname="org.j3d.maths.vector.Vector3dTest"/>
  <testcase name="testCrossV2Null" time="0.000" classname="org.j3d.maths.vector.Vector3dTest"/>
  <testcase name="testAddPoint" time="0.000" classname="org.j3d.maths.vector.Vector3dTest"/>
  <testcase name="testCrossProduct" time="0.000" classname="org.j3d.maths.vector.Vector3dTest"/>
  <testcase name="testSubPoint" time="0.000" classname="org.j3d.maths.vector.Vector3dTest"/>
  <testcase name="testEquals" time="0.000" classname="org.j3d.maths.vector.Vector3dTest"/>
  <testcase name="testAddVector" time="0.000" classname="org.j3d.maths.vector.Vector3dTest"/>
  <testcase name="testSubPoint" time="0.001" classname="org.j3d.maths.vector.Vector3dTest"/>
  <testcase name="testAddVectorWithSelf" time="0.000" classname="org.j3d.maths.vector.Vector3dTest"/>
  <testcase name="testNormalise" time="0.000" classname="org.j3d.maths.vector.Vector3dTest"/>
  <testcase name="testSubVector" time="0.000" classname="org.j3d.maths.vector.Vector3dTest"/>
  <testcase name="testDot" time="0.000" classname="org.j3d.maths.vector.Vector3dTest"/>
  <testcase name="testAddVectorWithSelf" time="0.000" classname="org.j3d.maths.vector.Vector3dTest"/>
  <testcase name="testNormaliseZeroLength" time="0.000" classname="org.j3d.maths.vector.Vector3dTest"/>
  <testcase name="testAddVectorWithSelf" time="0.000" classname="org.j3d.maths.vector.Vector3dTest"/>
  <testcase name="testNotEqualsToOther" time="0.000" classname="org.j3d.maths.vector.Vector3dTest"/>
  <testcase name="testSubVector" time="0.000" classname="org.j3d.maths.vector.Vector3dTest"/>
  <testcase name="testAddPoint" time="0.000" classname="org.j3d.maths.vector.Vector3dTest"/>
  <testcase name="testSubPoint" time="0.000" classname="org.j3d.maths.vector.Vector3dTest"/>
  <testcase name="testEquals" time="0.001" classname="org.j3d.maths.vector.Vector3dTest"/>
  <testcase name="testSubPoint" time="0.000" classname="org.j3d.maths.vector.Vector3dTest"/>
  <testcase name="testEquals" time="0.000" classname="org.j3d.maths.vector.Vector3dTest"/>
  <testcase name="testAddPoint" time="0.000" classname="org.j3d.maths.vector.Vector3dTest"/>
  <testcase name="testAddVector" time="0.000" classname="org.j3d.maths.vector.Vector3dTest"/>
  <testcase name="testAddVectorWithSelf" time="0.000" classname="org.j3d.maths.vector.Vector3dTest"/>
  <testcase name="testAddPoint" time="0.000" classname="org.j3d.maths.vector.Vector3dTest"/>
  <testcase name="testSubPoint" time="0.000" classname="org.j3d.maths.vector.Vector3dTest"/>
  <testcase name="testBasicConstruction" time="0.000" classname="org.j3d.maths.vector.Vector3dTest"/>
  <testcase name="testAddVector" time="0.000" classname="org.j3d.maths.vector.Vector3dTest"/>
  <testcase name="testLength" time="0.000" classname="org.j3d.maths.vector.Vector3dTest"/>
</testsuite> <!-- org.j3d.maths.vector.Vector3dTest -->
