<?xml version="1.0" encoding="UTF-8"?>
<!-- Generated by org.testng.reporters.JUnitReportReporter -->
<testsuite hostname="tassier.local" name="org.j3d.util.interpolator.ScalarInterpolatorTest" tests="5" failures="0" timestamp="23 Dec 2013 11:46:10 GMT" time="0.001" errors="0">
  <testcase name="testClamping" time="0.000" classname="org.j3d.util.interpolator.ScalarInterpolatorTest"/>
  <testcase name="testKeyGenStep" time="0.000" classname="org.j3d.util.interpolator.ScalarInterpolatorTest"/>
  <testcase name="testCreate" time="0.001" classname="org.j3d.util.interpolator.ScalarInterpolatorTest"/>
  <testcase name="testValueInsert" time="0.000" classname="org.j3d.util.interpolator.ScalarInterpolatorTest"/>
  <testcase name="testKeyGenLinear" time="0.000" classname="org.j3d.util.interpolator.ScalarInterpolatorTest"/>
</testsuite> <!-- org.j3d.util.interpolator.ScalarInterpolatorTest -->
