<?xml version="1.0" encoding="UTF-8"?>
<!-- Generated by org.testng.reporters.JUnitReportReporter -->
<testsuite hostname="tassier.local" name="org.j3d.util.interpolator.CoordinateInterpolatorTest" tests="8" failures="0" timestamp="23 Dec 2013 11:46:10 GMT" time="0.003" errors="0">
  <testcase name="testClamping" time="0.001" classname="org.j3d.util.interpolator.CoordinateInterpolatorTest"/>
  <testcase name="testInvalidInsertNullValues" time="0.001" classname="org.j3d.util.interpolator.CoordinateInterpolatorTest"/>
  <testcase name="testInvalidInsertLessThan3Values" time="0.000" classname="org.j3d.util.interpolator.CoordinateInterpolatorTest"/>
  <testcase name="testInvalidInsertZeroLengthValues" time="0.000" classname="org.j3d.util.interpolator.CoordinateInterpolatorTest"/>
  <testcase name="testCreateFloat" time="0.000" classname="org.j3d.util.interpolator.CoordinateInterpolatorTest"/>
  <testcase name="testInvalidInsertNotMutl3" time="0.000" classname="org.j3d.util.interpolator.CoordinateInterpolatorTest"/>
  <testcase name="testKeyGenFloat" time="0.001" classname="org.j3d.util.interpolator.CoordinateInterpolatorTest"/>
  <testcase name="testValueInsertFloat" time="0.000" classname="org.j3d.util.interpolator.CoordinateInterpolatorTest"/>
</testsuite> <!-- org.j3d.util.interpolator.CoordinateInterpolatorTest -->
