<?xml version="1.0" encoding="UTF-8"?>
<!-- Generated by org.testng.reporters.JUnitReportReporter -->
<testsuite hostname="tassier.local" name="org.j3d.util.I18nManagerTest" tests="9" failures="0" timestamp="23 Dec 2013 11:46:10 GMT" time="0.025" errors="0">
  <testcase name="testChangeLocale" time="0.001" classname="org.j3d.util.I18nManagerTest"/>
  <testcase name="testClearSettings" time="0.002" classname="org.j3d.util.I18nManagerTest"/>
  <testcase name="testSetCountry" time="0.000" classname="org.j3d.util.I18nManagerTest"/>
  <testcase name="testBasicSetup" time="0.000" classname="org.j3d.util.I18nManagerTest"/>
  <testcase name="testAddResourceNoAppSet" time="0.017" classname="org.j3d.util.I18nManagerTest"/>
  <testcase name="testMultiFileResourceHandling" time="0.005" classname="org.j3d.util.I18nManagerTest"/>
  <testcase name="testInvalidCountryLength" time="0.000" classname="org.j3d.util.I18nManagerTest"/>
  <testcase name="testInvalidLanguage" time="0.000" classname="org.j3d.util.I18nManagerTest"/>
  <testcase name="testSetLanguage" time="0.000" classname="org.j3d.util.I18nManagerTest"/>
</testsuite> <!-- org.j3d.util.I18nManagerTest -->
