<?xml version="1.0" encoding="UTF-8"?>
<!-- Generated by org.testng.reporters.JUnitReportReporter -->
<testsuite hostname="tassier.local" name="org.j3d.util.interpolator.PositionInterpolatorTest" tests="7" failures="0" timestamp="23 Dec 2013 11:46:10 GMT" time="0.002" errors="0">
  <testcase name="testKeyGenPoint" time="0.000" classname="org.j3d.util.interpolator.PositionInterpolatorTest"/>
  <testcase name="testKeyGenFloat" time="0.000" classname="org.j3d.util.interpolator.PositionInterpolatorTest"/>
  <testcase name="testCreateFloat" time="0.000" classname="org.j3d.util.interpolator.PositionInterpolatorTest"/>
  <testcase name="testValueInsertPoint" time="0.000" classname="org.j3d.util.interpolator.PositionInterpolatorTest"/>
  <testcase name="testCreatePoint" time="0.001" classname="org.j3d.util.interpolator.PositionInterpolatorTest"/>
  <testcase name="testValueInsertFloat" time="0.000" classname="org.j3d.util.interpolator.PositionInterpolatorTest"/>
  <testcase name="testClamping" time="0.001" classname="org.j3d.util.interpolator.PositionInterpolatorTest"/>
</testsuite> <!-- org.j3d.util.interpolator.PositionInterpolatorTest -->
